-------------------------------------------------------------------------------
Test set: com.wanjerkheda.watawaran.WatawaranApplicationTests
-------------------------------------------------------------------------------
Tests run: 1, Failures: 0, Errors: 1, Skipped: 0, Time elapsed: 3.384 s <<< FAILURE! - in com.wanjerkheda.watawaran.WatawaranApplicationTests
contextLoads  Time elapsed: 0 s  <<< ERROR!
java.lang.IllegalStateException: Failed to load ApplicationContext
Caused by: org.springframework.beans.factory.UnsatisfiedDependencyException: Error creating bean with name 'weatherController' defined in file [C:\FE-MyWorkspace\Project\watawaran\target\classes\com\wanjerkheda\watawaran\controller\WeatherController.class]: Unsatisfied dependency expressed through constructor parameter 0; nested exception is org.springframework.beans.factory.BeanCreationException: Error creating bean with name 'weatherService': Injection of autowired dependencies failed; nested exception is java.lang.IllegalArgumentException: Could not resolve placeholder 'WEATHER_API_KEY' in value "${WEATHER_API_KEY}"
Caused by: org.springframework.beans.factory.BeanCreationException: Error creating bean with name 'weatherService': Injection of autowired dependencies failed; nested exception is java.lang.IllegalArgumentException: Could not resolve placeholder 'WEATHER_API_KEY' in value "${WEATHER_API_KEY}"
Caused by: java.lang.IllegalArgumentException: Could not resolve placeholder 'WEATHER_API_KEY' in value "${WEATHER_API_KEY}"

